{"C:\\Users\\akoch23\\OneDrive - DXC Production\\Documents\\GitHub\\FH\\swen_gildedrose\\GildedRose-Refactoring\\refactored_gilded_rose.js": {"path":"C:\\Users\\akoch23\\OneDrive - DXC Production\\Documents\\GitHub\\FH\\swen_gildedrose\\GildedRose-Refactoring\\refactored_gilded_rose.js","statementMap":{"0":{"start":{"line":3,"column":4},"end":{"line":3,"column":21}},"1":{"start":{"line":4,"column":4},"end":{"line":4,"column":25}},"2":{"start":{"line":5,"column":4},"end":{"line":5,"column":27}},"3":{"start":{"line":11,"column":4},"end":{"line":11,"column":40}},"4":{"start":{"line":15,"column":4},"end":{"line":15,"column":18}},"5":{"start":{"line":17,"column":4},"end":{"line":19,"column":5}},"6":{"start":{"line":18,"column":6},"end":{"line":18,"column":21}},"7":{"start":{"line":21,"column":4},"end":{"line":23,"column":5}},"8":{"start":{"line":22,"column":6},"end":{"line":22,"column":21}},"9":{"start":{"line":29,"column":4},"end":{"line":29,"column":72}},"10":{"start":{"line":33,"column":4},"end":{"line":42,"column":5}},"11":{"start":{"line":34,"column":6},"end":{"line":34,"column":21}},"12":{"start":{"line":35,"column":6},"end":{"line":41,"column":7}},"13":{"start":{"line":36,"column":8},"end":{"line":40,"column":9}},"14":{"start":{"line":37,"column":10},"end":{"line":37,"column":28}},"15":{"start":{"line":39,"column":10},"end":{"line":39,"column":25}},"16":{"start":{"line":44,"column":4},"end":{"line":44,"column":18}},"17":{"start":{"line":46,"column":4},"end":{"line":48,"column":5}},"18":{"start":{"line":47,"column":6},"end":{"line":47,"column":23}},"19":{"start":{"line":54,"column":4},"end":{"line":54,"column":52}},"20":{"start":{"line":60,"column":4},"end":{"line":60,"column":44}},"21":{"start":{"line":64,"column":4},"end":{"line":64,"column":18}},"22":{"start":{"line":66,"column":4},"end":{"line":68,"column":5}},"23":{"start":{"line":67,"column":6},"end":{"line":67,"column":24}},"24":{"start":{"line":70,"column":4},"end":{"line":72,"column":5}},"25":{"start":{"line":71,"column":6},"end":{"line":71,"column":24}},"26":{"start":{"line":78,"column":4},"end":{"line":78,"column":23}},"27":{"start":{"line":82,"column":4},"end":{"line":97,"column":7}},"28":{"start":{"line":83,"column":6},"end":{"line":86,"column":7}},"29":{"start":{"line":84,"column":8},"end":{"line":84,"column":29}},"30":{"start":{"line":85,"column":8},"end":{"line":85,"column":15}},"31":{"start":{"line":88,"column":6},"end":{"line":96,"column":7}},"32":{"start":{"line":89,"column":8},"end":{"line":89,"column":22}},"33":{"start":{"line":90,"column":8},"end":{"line":92,"column":9}},"34":{"start":{"line":91,"column":10},"end":{"line":91,"column":25}},"35":{"start":{"line":93,"column":8},"end":{"line":95,"column":9}},"36":{"start":{"line":94,"column":10},"end":{"line":94,"column":25}},"37":{"start":{"line":99,"column":4},"end":{"line":99,"column":22}},"38":{"start":{"line":103,"column":0},"end":{"line":110,"column":2}}},"fnMap":{"0":{"name":"(anonymous_0)","decl":{"start":{"line":2,"column":2},"end":{"line":2,"column":3}},"loc":{"start":{"line":2,"column":37},"end":{"line":6,"column":3}},"line":2},"1":{"name":"(anonymous_1)","decl":{"start":{"line":10,"column":2},"end":{"line":10,"column":3}},"loc":{"start":{"line":10,"column":31},"end":{"line":12,"column":3}},"line":10},"2":{"name":"(anonymous_2)","decl":{"start":{"line":14,"column":2},"end":{"line":14,"column":3}},"loc":{"start":{"line":14,"column":18},"end":{"line":24,"column":3}},"line":14},"3":{"name":"(anonymous_3)","decl":{"start":{"line":28,"column":2},"end":{"line":28,"column":3}},"loc":{"start":{"line":28,"column":31},"end":{"line":30,"column":3}},"line":28},"4":{"name":"(anonymous_4)","decl":{"start":{"line":32,"column":2},"end":{"line":32,"column":3}},"loc":{"start":{"line":32,"column":18},"end":{"line":49,"column":3}},"line":32},"5":{"name":"(anonymous_5)","decl":{"start":{"line":53,"column":2},"end":{"line":53,"column":3}},"loc":{"start":{"line":53,"column":22},"end":{"line":55,"column":3}},"line":53},"6":{"name":"(anonymous_6)","decl":{"start":{"line":59,"column":2},"end":{"line":59,"column":3}},"loc":{"start":{"line":59,"column":31},"end":{"line":61,"column":3}},"line":59},"7":{"name":"(anonymous_7)","decl":{"start":{"line":63,"column":2},"end":{"line":63,"column":3}},"loc":{"start":{"line":63,"column":18},"end":{"line":73,"column":3}},"line":63},"8":{"name":"(anonymous_8)","decl":{"start":{"line":77,"column":2},"end":{"line":77,"column":3}},"loc":{"start":{"line":77,"column":26},"end":{"line":79,"column":3}},"line":77},"9":{"name":"(anonymous_9)","decl":{"start":{"line":81,"column":2},"end":{"line":81,"column":3}},"loc":{"start":{"line":81,"column":18},"end":{"line":100,"column":3}},"line":81},"10":{"name":"(anonymous_10)","decl":{"start":{"line":82,"column":23},"end":{"line":82,"column":24}},"loc":{"start":{"line":82,"column":31},"end":{"line":97,"column":5}},"line":82}},"branchMap":{"0":{"loc":{"start":{"line":17,"column":4},"end":{"line":19,"column":5}},"type":"if","locations":[{"start":{"line":17,"column":4},"end":{"line":19,"column":5}},{"start":{},"end":{}}],"line":17},"1":{"loc":{"start":{"line":21,"column":4},"end":{"line":23,"column":5}},"type":"if","locations":[{"start":{"line":21,"column":4},"end":{"line":23,"column":5}},{"start":{},"end":{}}],"line":21},"2":{"loc":{"start":{"line":21,"column":8},"end":{"line":21,"column":44}},"type":"binary-expr","locations":[{"start":{"line":21,"column":8},"end":{"line":21,"column":23}},{"start":{"line":21,"column":27},"end":{"line":21,"column":44}}],"line":21},"3":{"loc":{"start":{"line":33,"column":4},"end":{"line":42,"column":5}},"type":"if","locations":[{"start":{"line":33,"column":4},"end":{"line":42,"column":5}},{"start":{},"end":{}}],"line":33},"4":{"loc":{"start":{"line":35,"column":6},"end":{"line":41,"column":7}},"type":"if","locations":[{"start":{"line":35,"column":6},"end":{"line":41,"column":7}},{"start":{},"end":{}}],"line":35},"5":{"loc":{"start":{"line":36,"column":8},"end":{"line":40,"column":9}},"type":"if","locations":[{"start":{"line":36,"column":8},"end":{"line":40,"column":9}},{"start":{"line":38,"column":15},"end":{"line":40,"column":9}}],"line":36},"6":{"loc":{"start":{"line":46,"column":4},"end":{"line":48,"column":5}},"type":"if","locations":[{"start":{"line":46,"column":4},"end":{"line":48,"column":5}},{"start":{},"end":{}}],"line":46},"7":{"loc":{"start":{"line":66,"column":4},"end":{"line":68,"column":5}},"type":"if","locations":[{"start":{"line":66,"column":4},"end":{"line":68,"column":5}},{"start":{},"end":{}}],"line":66},"8":{"loc":{"start":{"line":70,"column":4},"end":{"line":72,"column":5}},"type":"if","locations":[{"start":{"line":70,"column":4},"end":{"line":72,"column":5}},{"start":{},"end":{}}],"line":70},"9":{"loc":{"start":{"line":70,"column":8},"end":{"line":70,"column":43}},"type":"binary-expr","locations":[{"start":{"line":70,"column":8},"end":{"line":70,"column":23}},{"start":{"line":70,"column":27},"end":{"line":70,"column":43}}],"line":70},"10":{"loc":{"start":{"line":77,"column":14},"end":{"line":77,"column":24}},"type":"default-arg","locations":[{"start":{"line":77,"column":22},"end":{"line":77,"column":24}}],"line":77},"11":{"loc":{"start":{"line":83,"column":6},"end":{"line":86,"column":7}},"type":"if","locations":[{"start":{"line":83,"column":6},"end":{"line":86,"column":7}},{"start":{},"end":{}}],"line":83},"12":{"loc":{"start":{"line":83,"column":10},"end":{"line":83,"column":99}},"type":"binary-expr","locations":[{"start":{"line":83,"column":10},"end":{"line":83,"column":34}},{"start":{"line":83,"column":38},"end":{"line":83,"column":67}},{"start":{"line":83,"column":71},"end":{"line":83,"column":99}}],"line":83},"13":{"loc":{"start":{"line":88,"column":6},"end":{"line":96,"column":7}},"type":"if","locations":[{"start":{"line":88,"column":6},"end":{"line":96,"column":7}},{"start":{},"end":{}}],"line":88},"14":{"loc":{"start":{"line":90,"column":8},"end":{"line":92,"column":9}},"type":"if","locations":[{"start":{"line":90,"column":8},"end":{"line":92,"column":9}},{"start":{},"end":{}}],"line":90},"15":{"loc":{"start":{"line":93,"column":8},"end":{"line":95,"column":9}},"type":"if","locations":[{"start":{"line":93,"column":8},"end":{"line":95,"column":9}},{"start":{},"end":{}}],"line":93},"16":{"loc":{"start":{"line":93,"column":12},"end":{"line":93,"column":47}},"type":"binary-expr","locations":[{"start":{"line":93,"column":12},"end":{"line":93,"column":27}},{"start":{"line":93,"column":31},"end":{"line":93,"column":47}}],"line":93}},"s":{"0":12,"1":12,"2":12,"3":4,"4":4,"5":4,"6":3,"7":4,"8":1,"9":4,"10":4,"11":4,"12":4,"13":4,"14":3,"15":1,"16":4,"17":4,"18":1,"19":1,"20":3,"21":3,"22":3,"23":3,"24":3,"25":1,"26":1,"27":1,"28":3,"29":3,"30":3,"31":0,"32":0,"33":0,"34":0,"35":0,"36":0,"37":1,"38":1},"f":{"0":12,"1":4,"2":4,"3":4,"4":4,"5":1,"6":3,"7":3,"8":1,"9":1,"10":3},"b":{"0":[3,1],"1":[1,3],"2":[4,1],"3":[4,0],"4":[4,0],"5":[3,1],"6":[1,3],"7":[3,0],"8":[1,2],"9":[3,1],"10":[0],"11":[3,0],"12":[3,2,1],"13":[0,0],"14":[0,0],"15":[0,0],"16":[0,0]},"_coverageSchema":"1a1c01bbd47fc00a2c39e90264f33305004495a9","hash":"8db4406ea97b30782461cc040e19d2369919a106"}
}
