TN:
SF:refactored_gilded_rose.js
FN:2,(anonymous_0)
FN:10,(anonymous_1)
FN:14,(anonymous_2)
FN:28,(anonymous_3)
FN:32,(anonymous_4)
FN:53,(anonymous_5)
FN:59,(anonymous_6)
FN:63,(anonymous_7)
FN:77,(anonymous_8)
FN:81,(anonymous_9)
FN:82,(anonymous_10)
FNF:11
FNH:11
FNDA:12,(anonymous_0)
FNDA:4,(anonymous_1)
FNDA:4,(anonymous_2)
FNDA:4,(anonymous_3)
FNDA:4,(anonymous_4)
FNDA:1,(anonymous_5)
FNDA:3,(anonymous_6)
FNDA:3,(anonymous_7)
FNDA:1,(anonymous_8)
FNDA:1,(anonymous_9)
FNDA:3,(anonymous_10)
DA:3,12
DA:4,12
DA:5,12
DA:11,4
DA:15,4
DA:17,4
DA:18,3
DA:21,4
DA:22,1
DA:29,4
DA:33,4
DA:34,4
DA:35,4
DA:36,4
DA:37,3
DA:39,1
DA:44,4
DA:46,4
DA:47,1
DA:54,1
DA:60,3
DA:64,3
DA:66,3
DA:67,3
DA:70,3
DA:71,1
DA:78,1
DA:82,1
DA:83,3
DA:84,3
DA:85,3
DA:88,0
DA:89,0
DA:90,0
DA:91,0
DA:93,0
DA:94,0
DA:99,1
DA:103,1
LF:39
LH:33
BRDA:17,0,0,3
BRDA:17,0,1,1
BRDA:21,1,0,1
BRDA:21,1,1,3
BRDA:21,2,0,4
BRDA:21,2,1,1
BRDA:33,3,0,4
BRDA:33,3,1,0
BRDA:35,4,0,4
BRDA:35,4,1,0
BRDA:36,5,0,3
BRDA:36,5,1,1
BRDA:46,6,0,1
BRDA:46,6,1,3
BRDA:66,7,0,3
BRDA:66,7,1,0
BRDA:70,8,0,1
BRDA:70,8,1,2
BRDA:70,9,0,3
BRDA:70,9,1,1
BRDA:77,10,0,0
BRDA:83,11,0,3
BRDA:83,11,1,0
BRDA:83,12,0,3
BRDA:83,12,1,2
BRDA:83,12,2,1
BRDA:88,13,0,0
BRDA:88,13,1,0
BRDA:90,14,0,0
BRDA:90,14,1,0
BRDA:93,15,0,0
BRDA:93,15,1,0
BRDA:93,16,0,0
BRDA:93,16,1,0
BRF:34
BRH:21
end_of_record
